<?xml version="1.0" encoding="UTF-8"?>
<!-- Generated by org.testng.reporters.JUnitXMLReporter -->
<testsuite ignored="0" hostname="home" failures="5" tests="14" name="Surefire test" time="0.579" errors="0" timestamp="11 нояб. 2018 21:58:20 GMT">
  <testcase classname="com.test.classes.TestPen" name="testPenDoSomethingElse_ShouldDoSomethingElse" time="0.539"/>
  <testcase classname="com.test.classes.TestPen" name="testPenGetColor_ShouldNotPrintColor" time="0.002">
    <failure type="java.lang.AssertionError" message="expected [BLUE] but found []">
      <![CDATA[java.lang.AssertionError: expected [BLUE] but found []
at com.test.classes.TestPen.testPenGetColor_ShouldNotPrintColor(TestPen.java:84)
... Removed 36 stack frames]]>
    </failure>
  </testcase> <!-- testPenGetColor_ShouldNotPrintColor -->
  <testcase classname="com.test.classes.TestPen" name="testPenGetColor_ShouldPrintRightColor" time="0.0">
    <failure type="java.lang.AssertionError" message="expected [BLUE] but found [RED]">
      <![CDATA[java.lang.AssertionError: expected [BLUE] but found [RED]
at com.test.classes.TestPen.testPenGetColor_ShouldPrintRightColor(TestPen.java:77)
... Removed 36 stack frames]]>
    </failure>
  </testcase> <!-- testPenGetColor_ShouldPrintRightColor -->
  <testcase classname="com.test.classes.TestPen" name="testPenIsWork_IsPenWork" time="0.0"/>
  <testcase classname="com.test.classes.TestPen" name="testPenIsWork_IsPenWorkIfContEmpty" time="0.0">
    <failure type="java.lang.AssertionError" message="expected [false] but found [true]">
      <![CDATA[java.lang.AssertionError: expected [false] but found [true]
at com.test.classes.TestPen.testPenIsWork_IsPenWorkIfContEmpty(TestPen.java:54)
... Removed 34 stack frames]]>
    </failure>
  </testcase> <!-- testPenIsWork_IsPenWorkIfContEmpty -->
  <testcase classname="com.test.classes.TestPen" name="testPenIsWork_IsPenWorkIfContEmpty" time="0.0">
    <failure type="java.lang.AssertionError" message="expected [false] but found [true]">
      <![CDATA[java.lang.AssertionError: expected [false] but found [true]
at com.test.classes.TestPen.testPenIsWork_IsPenWorkIfContEmpty(TestPen.java:54)
... Removed 34 stack frames]]>
    </failure>
  </testcase> <!-- testPenIsWork_IsPenWorkIfContEmpty -->
  <testcase classname="com.test.classes.TestPen" name="testPenWrite_ShouldWriteAnything" time="0.001">
    <failure type="java.lang.AssertionError" message="expected [] but found [qwertyu]">
      <![CDATA[java.lang.AssertionError: expected [] but found [qwertyu]
at com.test.classes.TestPen.testPenWrite_ShouldWriteAnything(TestPen.java:103)
... Removed 36 stack frames]]>
    </failure>
  </testcase> <!-- testPenWrite_ShouldWriteAnything -->
  <testcase classname="com.test.classes.TestPen" name="testPenWrite_ShouldWriteAnything" time="0.0"/>
  <testcase classname="com.test.classes.TestPen" name="testPenWrite_ShouldWriteAnything" time="0.0"/>
  <testcase classname="com.test.classes.TestPen" name="testPenWrite_ShouldWriteAnything" time="0.0"/>
  <testcase classname="com.test.classes.TestPen" name="testPenWrite_ShouldWriteAnything" time="0.0"/>
  <testcase classname="com.test.classes.TestPen" name="testPen_constructorWithOneParametr" time="0.001"/>
  <testcase classname="com.test.classes.TestPen" name="testPen_constructorWithThreeParametr" time="0.0"/>
  <testcase classname="com.test.classes.TestPen" name="testPen_constructorWithTwoParametr" time="0.0"/>
</testsuite> <!-- Surefire test -->
