<?xml version="1.0" encoding="UTF-8"?>
<!-- Generated by org.testng.reporters.JUnitXMLReporter -->
<testsuite ignored="0" hostname="home" failures="5" tests="10" name="Surefire test" time="0.12" errors="0" timestamp="10 нояб. 2018 22:11:26 GMT">
  <testcase classname="com.test.classes.TestPen" name="testPenGetColor_ShouldNotPrintColor" time="0.057">
    <failure type="java.lang.AssertionError" message="expected [] but found [BLUE]">
      <![CDATA[java.lang.AssertionError: expected [] but found [BLUE]
at com.test.classes.TestPen.testPenGetColor_ShouldNotPrintColor(TestPen.java:97)
... Removed 36 stack frames]]>
    </failure>
  </testcase> <!-- testPenGetColor_ShouldNotPrintColor -->
  <testcase classname="com.test.classes.TestPen" name="testPenGetColor_ShouldPrintRedColor" time="0.0">
    <failure type="java.lang.AssertionError" message="expected [RED] but found [BLUE]">
      <![CDATA[java.lang.AssertionError: expected [RED] but found [BLUE]
at com.test.classes.TestPen.testPenGetColor_ShouldPrintRedColor(TestPen.java:73)
... Removed 36 stack frames]]>
    </failure>
  </testcase> <!-- testPenGetColor_ShouldPrintRedColor -->
  <testcase classname="com.test.classes.TestPen" name="testPenIsWork_ShouldNotWorking" time="0.0"/>
  <testcase classname="com.test.classes.TestPen" name="testPenIsWork_ShouldWorking" time="0.0"/>
  <testcase classname="com.test.classes.TestPen" name="testPenWrite_InkEqualSizeWordAndLetter0" time="0.0">
    <failure type="java.lang.AssertionError" message="expected [] but found [test]">
      <![CDATA[java.lang.AssertionError: expected [] but found [test]
at com.test.classes.TestPen.testPenWrite_InkEqualSizeWordAndLetter0(TestPen.java:146)
... Removed 36 stack frames]]>
    </failure>
  </testcase> <!-- testPenWrite_InkEqualSizeWordAndLetter0 -->
  <testcase classname="com.test.classes.TestPen" name="testPenWrite_InkEqualSizeWordAndLetter1" time="0.0"/>
  <testcase classname="com.test.classes.TestPen" name="testPenWrite_InkLessThanSizeWordAndLetter0" time="0.0">
    <failure type="java.lang.AssertionError" message="expected [] but found [testing]">
      <![CDATA[java.lang.AssertionError: expected [] but found [testing]
at com.test.classes.TestPen.testPenWrite_InkLessThanSizeWordAndLetter0(TestPen.java:139)
... Removed 36 stack frames]]>
    </failure>
  </testcase> <!-- testPenWrite_InkLessThanSizeWordAndLetter0 -->
  <testcase classname="com.test.classes.TestPen" name="testPenWrite_InkLessThanSizeWordAndLetter1" time="0.0"/>
  <testcase classname="com.test.classes.TestPen" name="testPenWrite_InkMoreThanSizeWordAndLetter0" time="0.0">
    <failure type="java.lang.AssertionError" message="expected [] but found [test]">
      <![CDATA[java.lang.AssertionError: expected [] but found [test]
at com.test.classes.TestPen.testPenWrite_InkMoreThanSizeWordAndLetter0(TestPen.java:118)
... Removed 36 stack frames]]>
    </failure>
  </testcase> <!-- testPenWrite_InkMoreThanSizeWordAndLetter0 -->
  <testcase classname="com.test.classes.TestPen" name="testPenWrite_InkMoreThanSizeWordAndLetter1" time="0.0"/>
</testsuite> <!-- Surefire test -->
