<?xml version="1.0" encoding="UTF-8"?>
<!-- Generated by org.testng.reporters.JUnitXMLReporter -->
<testsuite ignored="0" hostname="home" failures="1" tests="1" name="test1" time="0.03" errors="0" timestamp="10 нояб. 2018 15:08:11 GMT">
  <testcase classname="com.test.classes.TestPen" name="testIsTheColorOfPenIsRight" time="0.007">
    <failure type="java.lang.AssertionError" message="expected [BLUE] but found [Red]">
      <![CDATA[java.lang.AssertionError: expected [BLUE] but found [Red]
at com.test.classes.TestPen.testIsTheColorOfPenIsRight(TestPen.java:13)
... Removed 35 stack frames]]>
    </failure>
  </testcase> <!-- testIsTheColorOfPenIsRight -->
</testsuite> <!-- test1 -->
