-------------------------------------------------------------------------------
Test set: com.test.classes.TestPen
-------------------------------------------------------------------------------
Tests run: 20, Failures: 6, Errors: 0, Skipped: 0, Time elapsed: 8.954 s <<< FAILURE! - in com.test.classes.TestPen
testPenDoSomethingElse_ShouldDoSomethingElse1(com.test.classes.TestPen)  Time elapsed: 0.008 s  <<< FAILURE!
java.lang.AssertionError: expected [] but found [BLUE]
	at com.test.classes.TestPen.testPenDoSomethingElse_ShouldDoSomethingElse1(TestPen.java:140)

testPenGetColor_ShouldPrintRightColor(com.test.classes.TestPen)  Time elapsed: 0 s  <<< FAILURE!
java.lang.AssertionError: expected [ORANGE] but found [BLUE]
	at com.test.classes.TestPen.testPenGetColor_ShouldPrintRightColor(TestPen.java:156)

testPenGetColor_ShouldPrintRightColor(com.test.classes.TestPen)  Time elapsed: 0 s  <<< FAILURE!
java.lang.AssertionError: expected [] but found [BLUE]
	at com.test.classes.TestPen.testPenGetColor_ShouldPrintRightColor(TestPen.java:156)

testPenWrite_ShouldWriteAnything(com.test.classes.TestPen)  Time elapsed: 0 s  <<< FAILURE!
java.lang.AssertionError: expected [] but found [qw]
	at com.test.classes.TestPen.testPenWrite_ShouldWriteAnything(TestPen.java:177)

testPenWrite_ShouldWriteAnything(com.test.classes.TestPen)  Time elapsed: 0.001 s  <<< FAILURE!
java.lang.AssertionError: expected [] but found [qwqwqw]
	at com.test.classes.TestPen.testPenWrite_ShouldWriteAnything(TestPen.java:177)

testPenWrite_ShouldWriteAnything(com.test.classes.TestPen)  Time elapsed: 0.001 s  <<< FAILURE!
java.lang.AssertionError: expected [] but found [qw]
	at com.test.classes.TestPen.testPenWrite_ShouldWriteAnything(TestPen.java:177)

