<?xml version="1.0" encoding="UTF-8"?>
<testsuite xmlns:xsi="http://www.w3.org/2001/XMLSchema-instance" xsi:noNamespaceSchemaLocation="https://maven.apache.org/surefire/maven-surefire-plugin/xsd/surefire-test-report.xsd" name="com.test.classes.TestPen" time="22.398" tests="14" errors="0" skipped="0" failures="5">
  <properties>
[...]
</properties>
  <testcase name="testPenDoSomethingElse_ShouldDoSomethingElse" classname="com.test.classes.TestPen" time="0.539"/>
  <testcase name="testPenGetColor_ShouldNotPrintColor" classname="com.test.classes.TestPen" time="0.009">
    <failure message="expected [BLUE] but found []" type="java.lang.AssertionError">java.lang.AssertionError: expected [BLUE] but found []
	at com.test.classes.TestPen.testPenGetColor_ShouldNotPrintColor(TestPen.java:84)
</failure>
  </testcase>
  <testcase name="testPenGetColor_ShouldPrintRightColor" classname="com.test.classes.TestPen" time="0">
    <failure message="expected [BLUE] but found [RED]" type="java.lang.AssertionError">java.lang.AssertionError: expected [BLUE] but found [RED]
	at com.test.classes.TestPen.testPenGetColor_ShouldPrintRightColor(TestPen.java:77)
</failure>
  </testcase>
  <testcase name="testPenIsWork_IsPenWork" classname="com.test.classes.TestPen" time="0"/>
  <testcase name="testPenIsWork_IsPenWorkIfContEmpty" classname="com.test.classes.TestPen" time="0.001">
    <failure message="expected [false] but found [true]" type="java.lang.AssertionError">java.lang.AssertionError: expected [false] but found [true]
	at com.test.classes.TestPen.testPenIsWork_IsPenWorkIfContEmpty(TestPen.java:54)
</failure>
  </testcase>
  <testcase name="testPenIsWork_IsPenWorkIfContEmpty" classname="com.test.classes.TestPen" time="0">
    <failure message="expected [false] but found [true]" type="java.lang.AssertionError">java.lang.AssertionError: expected [false] but found [true]
	at com.test.classes.TestPen.testPenIsWork_IsPenWorkIfContEmpty(TestPen.java:54)
</failure>
  </testcase>
  <testcase name="testPenWrite_ShouldWriteAnything" classname="com.test.classes.TestPen" time="0.001">
    <failure message="expected [] but found [qwertyu]" type="java.lang.AssertionError">java.lang.AssertionError: expected [] but found [qwertyu]
	at com.test.classes.TestPen.testPenWrite_ShouldWriteAnything(TestPen.java:103)
</failure>
  </testcase>
  <testcase name="testPenWrite_ShouldWriteAnything" classname="com.test.classes.TestPen" time="0"/>
  <testcase name="testPenWrite_ShouldWriteAnything" classname="com.test.classes.TestPen" time="0"/>
  <testcase name="testPenWrite_ShouldWriteAnything" classname="com.test.classes.TestPen" time="0.001"/>
  <testcase name="testPenWrite_ShouldWriteAnything" classname="com.test.classes.TestPen" time="0"/>
  <testcase name="testPen_constructorWithOneParametr" classname="com.test.classes.TestPen" time="0"/>
  <testcase name="testPen_constructorWithThreeParametr" classname="com.test.classes.TestPen" time="0"/>
  <testcase name="testPen_constructorWithTwoParametr" classname="com.test.classes.TestPen" time="0"/>
</testsuite>